#
# There is insufficient memory for the Java Runtime Environment to continue.
# Native memory allocation (mmap) failed to map 257949696 bytes for Failed to commit area from 0x000000070a200000 to 0x0000000719800000 of length 257949696.
# Possible reasons:
#   The system is out of physical RAM or swap space
#   The process is running with CompressedOops enabled, and the Java Heap may be blocking the growth of the native heap
# Possible solutions:
#   Reduce memory load on the system
#   Increase physical memory or swap space
#   Check if swap backing store is full
#   Decrease Java heap size (-Xmx/-Xms)
#   Decrease number of Java threads
#   Decrease Java thread stack sizes (-Xss)
#   Set larger code cache with -XX:ReservedCodeCacheSize=
# This output file may be truncated or incomplete.
#
#  Out of Memory Error (t:/workspace/open/src/hotspot/os/windows/os_windows.cpp:3275), pid=24332, tid=11936
#
# JRE version:  (11.0.4+10) (build )
# Java VM: Java HotSpot(TM) 64-Bit Server VM (11.0.4+10-LTS, mixed mode, aot, sharing, tiered, compressed oops, g1 gc, windows-amd64)
# No core dump will be written. Minidumps are not enabled by default on client versions of Windows
#

---------------  S U M M A R Y ------------

Command Line: -XX:TieredStopAtLevel=1 -Xverify:none -Dspring.output.ansi.enabled=always -javaagent:C:\Program Files\JetBrains\IntelliJ IDEA 2021.1.2\lib\idea_rt.jar=64858:C:\Program Files\JetBrains\IntelliJ IDEA 2021.1.2\bin -Dcom.sun.management.jmxremote -Dspring.jmx.enabled=true -Dspring.liveBeansView.mbeanDomain -Dspring.application.admin.enabled=true -Dfile.encoding=UTF-8 com.example.Task41.Task41Application

Host: AMD Ryzen 5 4500U with Radeon Graphics         , 6 cores, 15G,  Windows 10 , 64 bit Build 19041 (10.0.19041.1348)
Time: Sat Jan 15 22:22:15 2022 Фінляндія (зима) elapsed time: 0 seconds (0d 0h 0m 0s)

---------------  T H R E A D  ---------------

Current thread (0x000001ee72546800):  JavaThread "Unknown thread" [_thread_in_vm, id=11936, stack(0x000000b34c100000,0x000000b34c200000)]

Stack: [0x000000b34c100000,0x000000b34c200000]
Native frames: (J=compiled Java code, j=interpreted, Vv=VM code, C=native code)
V  [jvm.dll+0x635bda]
V  [jvm.dll+0x77360f]
V  [jvm.dll+0x774cba]
V  [jvm.dll+0x775373]
V  [jvm.dll+0x25e668]
V  [jvm.dll+0x63306a]
V  [jvm.dll+0x627ab5]
V  [jvm.dll+0x314f8c]
V  [jvm.dll+0x314e12]
V  [jvm.dll+0x31a676]
V  [jvm.dll+0x36676f]
V  [jvm.dll+0x366190]
V  [jvm.dll+0x2f1b18]
V  [jvm.dll+0x2f2c86]
V  [jvm.dll+0x74c777]
V  [jvm.dll+0x74debf]
V  [jvm.dll+0x3735a9]
V  [jvm.dll+0x732e09]
V  [jvm.dll+0x3e2c0d]
V  [jvm.dll+0x3e4ee1]
C  [java.exe+0x3607]
C  [java.exe+0x178dc]
C  [KERNEL32.DLL+0x17034]
C  [ntdll.dll+0x52651]


---------------  P R O C E S S  ---------------

Threads class SMR info:
_java_thread_list=0x000001ee70408df0, length=0, elements={
}

Java Threads: ( => current thread )

Other Threads:
  0x000001ee7255d800 GCTaskThread "GC Thread#0" [stack: 0x000000b34c200000,0x000000b34c300000] [id=22456]
  0x000001ee725b6800 ConcurrentGCThread "G1 Main Marker" [stack: 0x000000b34c300000,0x000000b34c400000] [id=19592]
  0x000001ee725b9800 ConcurrentGCThread "G1 Conc#0" [stack: 0x000000b34c400000,0x000000b34c500000] [id=20884]

[error occurred during error reporting (printing all threads), id 0xc0000005, EXCEPTION_ACCESS_VIOLATION (0xc0000005) at pc=0x00007ffbebc503e7]

VM state:not at safepoint (not fully initialized)

VM Mutex/Monitor currently owned by a thread:  ([mutex/lock_event])
[0x000001ee72542d20] Heap_lock - owner thread: 0x000001ee72546800

Heap address: 0x000000070a200000, size: 3934 MB, Compressed Oops mode: Non-zero based: 0x000000070a200000
Narrow klass base: 0x0000000000000000, Narrow klass shift: 0

GC Heap History (0 events):
No events

Deoptimization events (0 events):
No events

Classes redefined (0 events):
No events

Internal exceptions (0 events):
No events

Events (0 events):
No events


Dynamic libraries:
0x00007ff64da10000 - 0x00007ff64da57000 	C:\Program Files\Java\jdk-11.0.4\bin\java.exe
0x00007ffc3da90000 - 0x00007ffc3dc85000 	C:\Windows\SYSTEM32\ntdll.dll
0x00007ffc02c30000 - 0x00007ffc02c46000 	C:\Program Files\Avast Software\Avast\aswhook.dll
0x00007ffc3bd90000 - 0x00007ffc3be4e000 	C:\Windows\System32\KERNEL32.DLL
0x00007ffc3b6d0000 - 0x00007ffc3b998000 	C:\Windows\System32\KERNELBASE.dll
0x00007ffc3bcd0000 - 0x00007ffc3bd7c000 	C:\Windows\System32\ADVAPI32.dll
0x00007ffc3bad0000 - 0x00007ffc3bb6e000 	C:\Windows\System32\msvcrt.dll
0x00007ffc3c6c0000 - 0x00007ffc3c75b000 	C:\Windows\System32\sechost.dll
0x00007ffc3bb70000 - 0x00007ffc3bc9a000 	C:\Windows\System32\RPCRT4.dll
0x00007ffc3d8a0000 - 0x00007ffc3da41000 	C:\Windows\System32\USER32.dll
0x00007ffc3b460000 - 0x00007ffc3b482000 	C:\Windows\System32\win32u.dll
0x00007ffc3bca0000 - 0x00007ffc3bccb000 	C:\Windows\System32\GDI32.dll
0x00007ffc3b1f0000 - 0x00007ffc3b2fd000 	C:\Windows\System32\gdi32full.dll
0x00007ffc3ba30000 - 0x00007ffc3bacd000 	C:\Windows\System32\msvcp_win.dll
0x00007ffc3b4c0000 - 0x00007ffc3b5c0000 	C:\Windows\System32\ucrtbase.dll
0x00007ffc39f40000 - 0x00007ffc39f4a000 	C:\Windows\SYSTEM32\VERSION.dll
0x00007ffc1d920000 - 0x00007ffc1dbba000 	C:\Windows\WinSxS\amd64_microsoft.windows.common-controls_6595b64144ccf1df_6.0.19041.1110_none_60b5254171f9507e\COMCTL32.dll
0x00007ffc3cd20000 - 0x00007ffc3cd50000 	C:\Windows\System32\IMM32.DLL
0x00007ffc35a90000 - 0x00007ffc35aa6000 	C:\Program Files\Java\jdk-11.0.4\bin\vcruntime140.dll
0x00007ffc337f0000 - 0x00007ffc3389a000 	C:\Program Files\Java\jdk-11.0.4\bin\msvcp140.dll
0x00007ffbeb950000 - 0x00007ffbec477000 	C:\Program Files\Java\jdk-11.0.4\bin\server\jvm.dll
0x00007ffc3c650000 - 0x00007ffc3c658000 	C:\Windows\System32\PSAPI.DLL
0x00007ffc256a0000 - 0x00007ffc256a9000 	C:\Windows\SYSTEM32\WSOCK32.dll
0x00007ffc31610000 - 0x00007ffc31637000 	C:\Windows\SYSTEM32\WINMM.dll
0x00007ffc3c4a0000 - 0x00007ffc3c50b000 	C:\Windows\System32\WS2_32.dll
0x00007ffc39f00000 - 0x00007ffc39f12000 	C:\Windows\SYSTEM32\kernel.appcore.dll
0x00007ffc35400000 - 0x00007ffc35411000 	C:\Program Files\Java\jdk-11.0.4\bin\verify.dll
0x00007ffc287c0000 - 0x00007ffc289a4000 	C:\Windows\SYSTEM32\DBGHELP.DLL
0x00007ffc29a40000 - 0x00007ffc29a6c000 	C:\Windows\SYSTEM32\dbgcore.DLL
0x00007ffc3b9a0000 - 0x00007ffc3ba22000 	C:\Windows\System32\bcryptPrimitives.dll
0x00007ffc33df0000 - 0x00007ffc33e19000 	C:\Program Files\Java\jdk-11.0.4\bin\java.dll
0x00007ffc33920000 - 0x00007ffc3394f000 	C:\Program Files\Java\jdk-11.0.4\bin\instrument.dll
0x00007ffc35350000 - 0x00007ffc35366000 	C:\Program Files\Java\jdk-11.0.4\bin\zip.dll
0x00007ffc36c10000 - 0x00007ffc36c1a000 	C:\Program Files\Java\jdk-11.0.4\bin\jimage.dll

dbghelp: loaded successfully - version: 4.0.5 - missing functions: none
symbol engine: initialized successfully - sym options: 0x614 - pdb path: .;C:\Program Files\Java\jdk-11.0.4\bin;C:\Windows\SYSTEM32;C:\Program Files\Avast Software\Avast;C:\Windows\WinSxS\amd64_microsoft.windows.common-controls_6595b64144ccf1df_6.0.19041.1110_none_60b5254171f9507e;C:\Program Files\Java\jdk-11.0.4\bin\server

VM Arguments:
jvm_args: -XX:TieredStopAtLevel=1 -Xverify:none -Dspring.output.ansi.enabled=always -javaagent:C:\Program Files\JetBrains\IntelliJ IDEA 2021.1.2\lib\idea_rt.jar=64858:C:\Program Files\JetBrains\IntelliJ IDEA 2021.1.2\bin -Dcom.sun.management.jmxremote -Dspring.jmx.enabled=true -Dspring.liveBeansView.mbeanDomain -Dspring.application.admin.enabled=true -Dfile.encoding=UTF-8 
java_command: com.example.Task41.Task41Application
java_class_path (initial): C:\Users\Russell\IdeaProjects\Task41\target\classes;C:\Users\Russell\.m2\repository\org\springframework\boot\spring-boot-starter-integration\2.6.2\spring-boot-starter-integration-2.6.2.jar;C:\Users\Russell\.m2\repository\org\springframework\boot\spring-boot-starter-aop\2.6.2\spring-boot-starter-aop-2.6.2.jar;C:\Users\Russell\.m2\repository\org\aspectj\aspectjweaver\1.9.7\aspectjweaver-1.9.7.jar;C:\Users\Russell\.m2\repository\org\springframework\integration\spring-integration-core\5.5.7\spring-integration-core-5.5.7.jar;C:\Users\Russell\.m2\repository\org\springframework\spring-messaging\5.3.14\spring-messaging-5.3.14.jar;C:\Users\Russell\.m2\repository\org\springframework\retry\spring-retry\1.3.1\spring-retry-1.3.1.jar;C:\Users\Russell\.m2\repository\javax\annotation\javax.annotation-api\1.3.2\javax.annotation-api-1.3.2.jar;C:\Users\Russell\.m2\repository\io\projectreactor\reactor-core\3.4.13\reactor-core-3.4.13.jar;C:\Users\Russell\.m2\repository\org\reactivestreams\reactive-streams\1.0.3\reactive-streams-1.0.3.jar;C:\Users\Russell\.m2\repository\org\springframework\integration\spring-integration-file\5.5.7\spring-integration-file-5.5.7.jar;C:\Users\Russell\.m2\repository\commons-io\commons-io\2.11.0\commons-io-2.11.0.jar;C:\Users\Russell\.m2\repository\org\springframework\batch\spring-batch-core\4.3.4\spring-batch-core-4.3.4.jar;C:\Users\Russell\.m2\repository\com\fasterxml\jackson\core\jackson-databind\2.13.1\jackson-databind-2.13.1.jar;C:\Users\Russell\.m2\repository\com\fasterxml\jackson\core\jackson-annotations\2.13.1\jackson-annotations-2.13.1.jar;C:\Users\Russell\.m2\repository\com\fasterxml\jackson\core\jackson-core\2.13.1\jackson-core-2.13.1.jar;C:\Users\Russell\.m2\repository\io\micrometer\micrometer-core\1.8.1\micrometer-core-1.8.1.jar;C:\Users\Russell\.m2\repository\org\hdrhistogram\HdrHistogram\2.1.12\HdrHistogram-2.1.12.jar;C:\Users\Russell\.m2\repository\org\latencyutils\LatencyUtils\2.0.3\LatencyUtils-2.0.3.jar;C:\Users
Launcher Type: SUN_STANDARD

[Global flags]
     bool BytecodeVerificationLocal                = false                                     {product} {command line}
     bool BytecodeVerificationRemote               = false                                     {product} {command line}
     intx CICompilerCount                          = 3                                         {product} {ergonomic}
     uint ConcGCThreads                            = 2                                         {product} {ergonomic}
     uint G1ConcRefinementThreads                  = 6                                         {product} {ergonomic}
   size_t G1HeapRegionSize                         = 1048576                                   {product} {ergonomic}
    uintx GCDrainStackTargetSize                   = 64                                        {product} {ergonomic}
   size_t InitialHeapSize                          = 257949696                                 {product} {ergonomic}
     bool ManagementServer                         = true                                      {product} {command line}
   size_t MarkStackSize                            = 4194304                                   {product} {ergonomic}
   size_t MaxHeapSize                              = 4125097984                                {product} {ergonomic}
   size_t MinHeapDeltaBytes                        = 1048576                                   {product} {ergonomic}
    uintx NonNMethodCodeHeapSize                   = 6973028                                {pd product} {ergonomic}
    uintx NonProfiledCodeHeapSize                  = 244685212                              {pd product} {ergonomic}
    uintx ProfiledCodeHeapSize                     = 0                                      {pd product} {ergonomic}
    uintx ReservedCodeCacheSize                    = 251658240                              {pd product} {ergonomic}
     bool SegmentedCodeCache                       = true                                      {product} {ergonomic}
     intx TieredStopAtLevel                        = 1                                         {product} {command line}
     bool UseCompressedClassPointers               = true                                 {lp64_product} {ergonomic}
     bool UseCompressedOops                        = true                                 {lp64_product} {ergonomic}
     bool UseG1GC                                  = true                                      {product} {ergonomic}
     bool UseLargePagesIndividualAllocation        = false                                  {pd product} {ergonomic}

Logging:
Log output configuration:
 #0: stdout all=warning uptime,level,tags
 #1: stderr all=off uptime,level,tags

Environment Variables:
PATH=C:\Program Files\Common Files\Oracle\Java\javapath;C:\Program Files (x86)\Common Files\Oracle\Java\javapath;C:\Windows\system32;C:\Windows;C:\Windows\System32\Wbem;C:\Windows\System32\WindowsPowerShell\v1.0\;C:\Windows\System32\OpenSSH\;C:\Program Files\Git\cmd;C:\Program Files\Docker\Docker\resources\bin;C:\ProgramData\DockerDesktop\version-bin;C:\Program Files\MySQL\MySQL Shell 8.0\bin\;C:\Users\Russell\AppData\Local\Microsoft\WindowsApps;
USERNAME=Russell
OS=Windows_NT
PROCESSOR_IDENTIFIER=AMD64 Family 23 Model 96 Stepping 1, AuthenticAMD



---------------  S Y S T E M  ---------------

OS: Windows 10 , 64 bit Build 19041 (10.0.19041.1348)

CPU:total 6 (initial active 6) (6 cores per cpu, 1 threads per core) family 23 model 96 stepping 1, cmov, cx8, fxsr, mmx, sse, sse2, sse3, ssse3, sse4.1, sse4.2, popcnt, avx, avx2, aes, clmul, mmxext, 3dnowpref, lzcnt, sse4a, tsc, tscinvbit, tscinv, bmi1, bmi2, adx, sha, fma

Memory: 4k page, system-wide physical 15733M (3864M free)
TotalPageFile size 17717M (AvailPageFile size 170M)
current process WorkingSet (physical memory assigned to process): 10M, peak: 10M
current process commit charge ("private bytes"): 54M, peak: 300M

vm_info: Java HotSpot(TM) 64-Bit Server VM (11.0.4+10-LTS) for windows-amd64 JRE (11.0.4+10-LTS), built on Jul  4 2019 16:28:13 by "mach5one" with MS VC++ 15.5 (VS2017)

END.
